{"id":600,"status":"Fixed","summary":"VarCheck Crash When Using Modules","labels":["Type-Defect","Priority-High"],"stars":0,"commentCount":10,"comments":[{"id":0,"commenterId":8173196008570380122,"content":"java -jar \\users\\chad\\workspace\\closure-compiler\\build\\compiler.jar --compilation_level ADVANCED_OPTIMIZATIONS --formatting PRETTY_PRINT --debug --module jquery:1 --module core:1:jquery --module_output_path_prefix mod_ --js ..\\..\\dist\\jquery.js --js core.js --externs ..\\qunit_externs.js\r\n\r\njava.lang.RuntimeException: java.lang.RuntimeException: INTERNAL COMPILER ERROR.\r\nPlease report this problem.\r\nUnexpected variable jQuery$$2\r\n  Node(NAME jQuery$$2): core.js:100:12\r\n        equal( jQuery(\u0026quot; \u0026lt;div/\u0026gt; \u0026quot;).length, 1, \u0026quot;Make sure whitespace is trimmed.\u0026quot; );\r\n  Parent(GETPROP): core.js:100:12\r\n        equal( jQuery(\u0026quot; \u0026lt;div/\u0026gt; \u0026quot;).length, 1, \u0026quot;Make sure whitespace is trimmed.\u0026quot; );\r\n\r\n        at com.google.javascript.jscomp.Compiler.runCallable(Compiler.java:628)\r\n        at com.google.javascript.jscomp.Compiler.runInCompilerThread(Compiler.java:573)\r\n        at com.google.javascript.jscomp.Compiler.compile(Compiler.java:555)\r\n        at com.google.javascript.jscomp.Compiler.compileModules(Compiler.java:546)\r\n        at com.google.javascript.jscomp.AbstractCommandLineRunner.doRun(AbstractCommandLineRunner.java:709)\r\n        at com.google.javascript.jscomp.AbstractCommandLineRunner.run(AbstractCommandLineRunner.java:329)\r\n        at com.google.javascript.jscomp.CommandLineRunner.main(CommandLineRunner.java:825)\r\nCaused by: java.lang.RuntimeException: INTERNAL COMPILER ERROR.\r\nPlease report this problem.\r\nUnexpected variable jQuery$$2\r\n  Node(NAME jQuery$$2): core.js:100:12\r\n        equal( jQuery(\u0026quot; \u0026lt;div/\u0026gt; \u0026quot;).length, 1, \u0026quot;Make sure whitespace is trimmed.\u0026quot; );\r\n  Parent(GETPROP): core.js:100:12\r\n        equal( jQuery(\u0026quot; \u0026lt;div/\u0026gt; \u0026quot;).length, 1, \u0026quot;Make sure whitespace is trimmed.\u0026quot; );\r\n\r\n        at com.google.javascript.jscomp.VarCheck.visit(VarCheck.java:170)\r\n        at com.google.javascript.jscomp.NodeTraversal.traverseBranch(NodeTraversal.java:498)\r\n        at com.google.javascript.jscomp.NodeTraversal.traverseBranch(NodeTraversal.java:491)\r\n        at com.google.javascript.jscomp.NodeTraversal.traverseBranch(NodeTraversal.java:491)\r\n        at com.google.javascript.jscomp.NodeTraversal.traverseBranch(NodeTraversal.java:491)\r\n        at com.google.javascript.jscomp.NodeTraversal.traverseBranch(NodeTraversal.java:491)\r\n        at com.google.javascript.jscomp.NodeTraversal.traverseBranch(NodeTraversal.java:491)\r\n        at com.google.javascript.jscomp.NodeTraversal.traverseBranch(NodeTraversal.java:491)\r\n        at com.google.javascript.jscomp.NodeTraversal.traverseRoots(NodeTraversal.java:304)\r\n        at com.google.javascript.jscomp.NodeTraversal.traverseRoots(NodeTraversal.java:464)\r\n        at com.google.javascript.jscomp.VarCheck.process(VarCheck.java:108)\r\n        at com.google.javascript.jscomp.PhaseOptimizer$PassFactoryDelegate.processInternal(PhaseOptimizer.java:273)\r\n        at com.google.javascript.jscomp.PhaseOptimizer$NamedPass.process(PhaseOptimizer.java:250)\r\n        at com.google.javascript.jscomp.PhaseOptimizer.process(PhaseOptimizer.java:168)\r\n        at com.google.javascript.jscomp.Compiler.optimize(Compiler.java:1636)\r\n        at com.google.javascript.jscomp.Compiler.compileInternal(Compiler.java:663)\r\n        at com.google.javascript.jscomp.Compiler.access$1(Compiler.java:634)\r\n        at com.google.javascript.jscomp.Compiler$2.call(Compiler.java:558)\r\n        at com.google.javascript.jscomp.Compiler$2.call(Compiler.java:1)\r\n        at com.google.javascript.jscomp.Compiler$3.run(Compiler.java:600)\r\n        at java.lang.Thread.run(Unknown Source)\r\nCaused by: java.lang.IllegalStateException: Unexpected variable jQuery$$2\r\n        ... 21 more","timestamp":1321532934,"attachments":[]},{"id":1,"commenterId":-5060162230523776870,"content":"This is the sanity check VarCheck pass.  This means the definition was removed by an optimization but a reference remains. What version of the compiler is this with?","timestamp":1321551541,"attachments":[]},{"id":2,"commenterId":8173196008570380122,"content":"I just updated to r1605 and got the same behavior.","timestamp":1321557364,"attachments":[]},{"id":3,"commenterId":-5060162230523776870,"content":"Any chance you can upload the source files involved?\r\n","timestamp":1321567041,"attachments":[]},{"id":4,"commenterId":8173196008570380122,"content":"Of course. Here they are.\r\n\r\nAnd here\u0027s the compile command:\r\n\r\njava -jar compiler.jar --compilation_level ADVANCED_OPTIMIZATIONS --formatting PRETTY_PRINT --debug --module jquery:1 --module core:1:jquery --module_output_path_prefix mod_ --js jquery.js --js core.js --externs qunit_externs.js","timestamp":1321581396,"attachments":[{"id":6000004000,"fileName":"code.zip","fileSize":85984}]},{"id":5,"commenterId":-7699928860083865744,"content":"","timestamp":1323109883,"attachments":[]},{"id":6,"commenterId":-7699928860083865744,"content":"i see the problem. it\u0027s pretty embarrassing. It handles escaped variables correctly along one code path (the one that assigns prototype props), but not along another (the one that assigns prototypes to obectlits)","timestamp":1323113885,"attachments":[]},{"id":7,"commenterId":8173196008570380122,"content":"Glad I\u0027m not the only one who does things like that :-)","timestamp":1323114020,"attachments":[]},{"id":8,"commenterId":1328304962299559429,"content":"This issue was closed by revision r1662.","timestamp":1323205816,"attachments":[]},{"id":9,"commenterId":8173196008570380122,"content":"Thanks for taking care of this. I was able to successfully compile the attached code.","timestamp":1323284528,"attachments":[]}]}